[0910/001743.833:ERROR:process_memory_win.cc(73)] ReadMemory at 0x241d4c6e500 of 72 bytes failed: Only part of a ReadProcessMemory or WriteProcessMemory request was completed. (0x12B)
[0910/001743.836:WARNING:pe_image_annotations_reader.cc(134)] could not read annotations list object in C:\Program Files (x86)\Google\Chrome\Application\84.0.4147.105\chrome_elf.dll
[0910/001743.836:ERROR:process_memory_win.cc(73)] ReadMemory at 0x7ffedb6a0000 of 64 bytes failed: Only part of a ReadProcessMemory or WriteProcessMemory request was completed. (0x12B)
[0910/001743.836:WARNING:pe_image_reader.cc(340)] could not read dos header from C:\Program Files (x86)\Google\Chrome\Application\84.0.4147.105\chrome.dll
[0910/001743.837:ERROR:process_memory_win.cc(73)] ReadMemory at 0x241d4ec0000 of 64 bytes failed: Only part of a ReadProcessMemory or WriteProcessMemory request was completed. (0x12B)
[0910/001743.838:WARNING:pe_image_reader.cc(340)] could not read dos header from C:\WINDOWS\System32\shcore.dll
[0910/001743.838:ERROR:process_memory_win.cc(73)] ReadMemory at 0x7ff720c80000 of 64 bytes failed: Only part of a ReadProcessMemory or WriteProcessMemory request was completed. (0x12B)
[0910/001743.839:WARNING:pe_image_reader.cc(340)] could not read dos header from C:\Program Files (x86)\Google\Chrome\Application\chrome.exe
[0910/001743.839:ERROR:process_memory_win.cc(73)] ReadMemory at 0x241d4c6e500 of 72 bytes failed: Only part of a ReadProcessMemory or WriteProcessMemory request was completed. (0x12B)
[0910/001743.839:WARNING:pe_image_annotations_reader.cc(134)] could not read annotations list object in C:\Program Files (x86)\Google\Chrome\Application\84.0.4147.105\chrome_elf.dll
[0910/001743.840:ERROR:process_memory_win.cc(73)] ReadMemory at 0x7ffedb6a0000 of 64 bytes failed: Only part of a ReadProcessMemory or WriteProcessMemory request was completed. (0x12B)
[0910/001743.840:WARNING:pe_image_reader.cc(340)] could not read dos header from C:\Program Files (x86)\Google\Chrome\Application\84.0.4147.105\chrome.dll
[0910/001743.841:ERROR:process_memory_win.cc(73)] ReadMemory at 0x241d4ec0000 of 64 bytes failed: Only part of a ReadProcessMemory or WriteProcessMemory request was completed. (0x12B)
[0910/001743.841:WARNING:pe_image_reader.cc(340)] could not read dos header from C:\WINDOWS\System32\shcore.dll
[0910/001744.037:ERROR:process_memory_win.cc(73)] ReadMemory at 0xcfd27f4000 of 49152 bytes failed: Only part of a ReadProcessMemory or WriteProcessMemory request was completed. (0x12B)
[0910/001744.038:ERROR:process_memory_win.cc(73)] ReadMemory at 0xcfd2ffd000 of 12288 bytes failed: Only part of a ReadProcessMemory or WriteProcessMemory request was completed. (0x12B)
[0910/001744.038:ERROR:process_memory_win.cc(73)] ReadMemory at 0xcfd37fc000 of 16384 bytes failed: Only part of a ReadProcessMemory or WriteProcessMemory request was completed. (0x12B)
[0910/001744.039:ERROR:process_memory_win.cc(73)] ReadMemory at 0xcfd3ffc000 of 16384 bytes failed: Only part of a ReadProcessMemory or WriteProcessMemory request was completed. (0x12B)
[0910/001744.039:ERROR:process_memory_win.cc(73)] ReadMemory at 0xcfd47fc000 of 16384 bytes failed: Only part of a ReadProcessMemory or WriteProcessMemory request was completed. (0x12B)
[0910/001744.040:ERROR:process_memory_win.cc(73)] ReadMemory at 0xcfd4ffe000 of 8192 bytes failed: Only part of a ReadProcessMemory or WriteProcessMemory request was completed. (0x12B)
[0910/001744.040:ERROR:process_memory_win.cc(73)] ReadMemory at 0xcfd57fd000 of 12288 bytes failed: Only part of a ReadProcessMemory or WriteProcessMemory request was completed. (0x12B)
[0910/001744.040:ERROR:process_memory_win.cc(73)] ReadMemory at 0xcfd5ffd000 of 12288 bytes failed: Only part of a ReadProcessMemory or WriteProcessMemory request was completed. (0x12B)
[0910/001744.041:ERROR:process_memory_win.cc(73)] ReadMemory at 0xcfd67fd000 of 12288 bytes failed: Only part of a ReadProcessMemory or WriteProcessMemory request was completed. (0x12B)
[0910/001744.041:ERROR:process_memory_win.cc(73)] ReadMemory at 0xcfd6ffd000 of 12288 bytes failed: Only part of a ReadProcessMemory or WriteProcessMemory request was completed. (0x12B)
[0910/001744.041:ERROR:process_memory_win.cc(73)] ReadMemory at 0xcfd77fd000 of 12288 bytes failed: Only part of a ReadProcessMemory or WriteProcessMemory request was completed. (0x12B)
[0910/001744.042:ERROR:process_memory_win.cc(73)] ReadMemory at 0xcfd7ffd000 of 12288 bytes failed: Only part of a ReadProcessMemory or WriteProcessMemory request was completed. (0x12B)
[0910/001744.042:ERROR:process_memory_win.cc(73)] ReadMemory at 0xcfd87fd000 of 12288 bytes failed: Only part of a ReadProcessMemory or WriteProcessMemory request was completed. (0x12B)
[0910/001744.042:ERROR:process_memory_win.cc(73)] ReadMemory at 0xcfd8ffd000 of 12288 bytes failed: Only part of a ReadProcessMemory or WriteProcessMemory request was completed. (0x12B)
[0910/001744.043:ERROR:process_memory_win.cc(73)] ReadMemory at 0xcfd1f06000 of 852 bytes failed: Only part of a ReadProcessMemory or WriteProcessMemory request was completed. (0x12B)
[0910/001744.043:ERROR:process_memory_win.cc(73)] ReadMemory at 0xcfd1f07000 of 6024 bytes failed: Only part of a ReadProcessMemory or WriteProcessMemory request was completed. (0x12B)
[0910/001744.043:ERROR:process_memory_win.cc(73)] ReadMemory at 0xcfd1f09000 of 6024 bytes failed: Only part of a ReadProcessMemory or WriteProcessMemory request was completed. (0x12B)
[0910/001744.044:ERROR:process_memory_win.cc(73)] ReadMemory at 0xcfd1f0b000 of 6024 bytes failed: Only part of a ReadProcessMemory or WriteProcessMemory request was completed. (0x12B)
[0910/001744.044:ERROR:process_memory_win.cc(73)] ReadMemory at 0xcfd1f0d000 of 6024 bytes failed: Only part of a ReadProcessMemory or WriteProcessMemory request was completed. (0x12B)
[0910/001744.045:ERROR:process_memory_win.cc(73)] ReadMemory at 0xcfd1f0f000 of 6024 bytes failed: Only part of a ReadProcessMemory or WriteProcessMemory request was completed. (0x12B)
[0910/001744.045:ERROR:process_memory_win.cc(73)] ReadMemory at 0xcfd1f11000 of 6024 bytes failed: Only part of a ReadProcessMemory or WriteProcessMemory request was completed. (0x12B)
[0910/001744.046:ERROR:process_memory_win.cc(73)] ReadMemory at 0xcfd1f13000 of 6024 bytes failed: Only part of a ReadProcessMemory or WriteProcessMemory request was completed. (0x12B)
[0910/001744.046:ERROR:process_memory_win.cc(73)] ReadMemory at 0xcfd1f15000 of 6024 bytes failed: Only part of a ReadProcessMemory or WriteProcessMemory request was completed. (0x12B)
[0910/001744.047:ERROR:process_memory_win.cc(73)] ReadMemory at 0xcfd1f17000 of 6024 bytes failed: Only part of a ReadProcessMemory or WriteProcessMemory request was completed. (0x12B)
[0910/001744.047:ERROR:process_memory_win.cc(73)] ReadMemory at 0xcfd1f19000 of 6024 bytes failed: Only part of a ReadProcessMemory or WriteProcessMemory request was completed. (0x12B)
[0910/001744.047:ERROR:process_memory_win.cc(73)] ReadMemory at 0xcfd1f1b000 of 6024 bytes failed: Only part of a ReadProcessMemory or WriteProcessMemory request was completed. (0x12B)
[0910/001744.048:ERROR:process_memory_win.cc(73)] ReadMemory at 0xcfd1f1d000 of 6024 bytes failed: Only part of a ReadProcessMemory or WriteProcessMemory request was completed. (0x12B)
[0910/001744.048:ERROR:process_memory_win.cc(73)] ReadMemory at 0xcfd1f1f000 of 6024 bytes failed: Only part of a ReadProcessMemory or WriteProcessMemory request was completed. (0x12B)
[0910/001744.048:ERROR:process_memory_win.cc(73)] ReadMemory at 0xcfd1f21000 of 6024 bytes failed: Only part of a ReadProcessMemory or WriteProcessMemory request was completed. (0x12B)
[0910/001744.049:ERROR:process_memory_win.cc(73)] ReadMemory at 0x241d4bc0c40 of 704 bytes failed: Only part of a ReadProcessMemory or WriteProcessMemory request was completed. (0x12B)
[0910/001744.049:ERROR:process_memory_win.cc(73)] ReadMemory at 0x241d4bc2500 of 512 bytes failed: Only part of a ReadProcessMemory or WriteProcessMemory request was completed. (0x12B)
[0910/001744.049:ERROR:process_memory_win.cc(73)] ReadMemory at 0x241d4c60000 of 384 bytes failed: Only part of a ReadProcessMemory or WriteProcessMemory request was completed. (0x12B)
[0910/001744.050:ERROR:process_memory_win.cc(73)] ReadMemory at 0x241d4c60fe0 of 4152 bytes failed: Only part of a ReadProcessMemory or WriteProcessMemory request was completed. (0x12B)
[0910/001744.050:ERROR:process_memory_win.cc(73)] ReadMemory at 0x241d4c62020 of 1012 bytes failed: Only part of a ReadProcessMemory or WriteProcessMemory request was completed. (0x12B)
[0910/001744.050:ERROR:process_memory_win.cc(73)] ReadMemory at 0x241d4c62668 of 118 bytes failed: Only part of a ReadProcessMemory or WriteProcessMemory request was completed. (0x12B)
[0910/001744.051:ERROR:process_memory_win.cc(73)] ReadMemory at 0x241d4c626e0 of 1174 bytes failed: Only part of a ReadProcessMemory or WriteProcessMemory request was completed. (0x12B)
[0910/001744.051:ERROR:process_memory_win.cc(73)] ReadMemory at 0x241d4c62b78 of 118 bytes failed: Only part of a ReadProcessMemory or WriteProcessMemory request was completed. (0x12B)
[0910/001744.051:ERROR:process_memory_win.cc(73)] ReadMemory at 0x241d4c62bf0 of 96 bytes failed: Only part of a ReadProcessMemory or WriteProcessMemory request was completed. (0x12B)
[0910/001744.052:ERROR:process_memory_win.cc(73)] ReadMemory at 0x241d4c62c60 of 58 bytes failed: Only part of a ReadProcessMemory or WriteProcessMemory request was completed. (0x12B)
[0910/001744.052:ERROR:process_memory_win.cc(73)] ReadMemory at 0x241d4c62d60 of 132 bytes failed: Only part of a ReadProcessMemory or WriteProcessMemory request was completed. (0x12B)
[0910/001744.052:ERROR:process_memory_win.cc(73)] ReadMemory at 0x241d4c62ef0 of 132 bytes failed: Only part of a ReadProcessMemory or WriteProcessMemory request was completed. (0x12B)
[0910/001744.053:ERROR:process_memory_win.cc(73)] ReadMemory at 0x241d4c630b0 of 126 bytes failed: Only part of a ReadProcessMemory or WriteProcessMemory request was completed. (0x12B)
[0910/001744.053:ERROR:process_memory_win.cc(73)] ReadMemory at 0x241d4c63490 of 132 bytes failed: Only part of a ReadProcessMemory or WriteProcessMemory request was completed. (0x12B)
[0910/001744.054:ERROR:process_memory_win.cc(73)] ReadMemory at 0x241d4c63620 of 64 bytes failed: Only part of a ReadProcessMemory or WriteProcessMemory request was completed. (0x12B)
[0910/001744.054:ERROR:process_memory_win.cc(73)] ReadMemory at 0x241d4c637e0 of 132 bytes failed: Only part of a ReadProcessMemory or WriteProcessMemory request was completed. (0x12B)
[0910/001744.054:ERROR:process_memory_win.cc(73)] ReadMemory at 0x241d4c63a80 of 132 bytes failed: Only part of a ReadProcessMemory or WriteProcessMemory request was completed. (0x12B)
[0910/001744.055:ERROR:process_memory_win.cc(73)] ReadMemory at 0x241d4c63c10 of 68 bytes failed: Only part of a ReadProcessMemory or WriteProcessMemory request was completed. (0x12B)
[0910/001744.055:ERROR:process_memory_win.cc(73)] ReadMemory at 0x241d4c64db0 of 132 bytes failed: Only part of a ReadProcessMemory or WriteProcessMemory request was completed. (0x12B)
[0910/001744.056:ERROR:process_memory_win.cc(73)] ReadMemory at 0x241d4c64f40 of 154 bytes failed: Only part of a ReadProcessMemory or WriteProcessMemory request was completed. (0x12B)
[0910/001744.056:ERROR:process_memory_win.cc(73)] ReadMemory at 0x241d4c65dd0 of 62 bytes failed: Only part of a ReadProcessMemory or WriteProcessMemory request was completed. (0x12B)
[0910/001744.056:ERROR:process_memory_win.cc(73)] ReadMemory at 0x241d4c66400 of 132 bytes failed: Only part of a ReadProcessMemory or WriteProcessMemory request was completed. (0x12B)
[0910/001744.057:ERROR:process_memory_win.cc(73)] ReadMemory at 0x241d4c66530 of 60 bytes failed: Only part of a ReadProcessMemory or WriteProcessMemory request was completed. (0x12B)
[0910/001744.057:ERROR:process_memory_win.cc(73)] ReadMemory at 0x241d4c6e7dc of 512 bytes failed: Only part of a ReadProcessMemory or WriteProcessMemory request was completed. (0x12B)
[0910/001744.057:ERROR:process_memory_win.cc(73)] ReadMemory at 0x241d4c6ee40 of 80 bytes failed: Only part of a ReadProcessMemory or WriteProcessMemory request was completed. (0x12B)
[0910/001744.058:ERROR:process_memory_win.cc(73)] ReadMemory at 0x241d4c73f80 of 146 bytes failed: Only part of a ReadProcessMemory or WriteProcessMemory request was completed. (0x12B)
[0910/001744.058:ERROR:process_memory_win.cc(73)] ReadMemory at 0x241d4c740f0 of 132 bytes failed: Only part of a ReadProcessMemory or WriteProcessMemory request was completed. (0x12B)
[0910/001744.058:ERROR:process_memory_win.cc(73)] ReadMemory at 0x241d4c74220 of 132 bytes failed: Only part of a ReadProcessMemory or WriteProcessMemory request was completed. (0x12B)
[0910/001744.059:ERROR:process_memory_win.cc(73)] ReadMemory at 0x241d4c74520 of 132 bytes failed: Only part of a ReadProcessMemory or WriteProcessMemory request was completed. (0x12B)
[0910/001744.059:ERROR:process_memory_win.cc(73)] ReadMemory at 0x241d4c750e0 of 54 bytes failed: Only part of a ReadProcessMemory or WriteProcessMemory request was completed. (0x12B)
[0910/001744.059:ERROR:process_memory_win.cc(73)] ReadMemory at 0x241d4c766c0 of 132 bytes failed: Only part of a ReadProcessMemory or WriteProcessMemory request was completed. (0x12B)
[0910/001744.060:ERROR:process_memory_win.cc(73)] ReadMemory at 0x241d4c767f0 of 132 bytes failed: Only part of a ReadProcessMemory or WriteProcessMemory request was completed. (0x12B)
[0910/001744.060:ERROR:process_memory_win.cc(73)] ReadMemory at 0x241d4c76920 of 132 bytes failed: Only part of a ReadProcessMemory or WriteProcessMemory request was completed. (0x12B)
[0910/001744.060:ERROR:process_memory_win.cc(73)] ReadMemory at 0x241d4c76a50 of 132 bytes failed: Only part of a ReadProcessMemory or WriteProcessMemory request was completed. (0x12B)
[0910/001744.061:ERROR:process_memory_win.cc(73)] ReadMemory at 0x241d4c76b80 of 132 bytes failed: Only part of a ReadProcessMemory or WriteProcessMemory request was completed. (0x12B)
[0910/001744.061:ERROR:process_memory_win.cc(73)] ReadMemory at 0x241d4c76cb0 of 132 bytes failed: Only part of a ReadProcessMemory or WriteProcessMemory request was completed. (0x12B)
[0910/001744.061:ERROR:process_memory_win.cc(73)] ReadMemory at 0x241d4c76de0 of 132 bytes failed: Only part of a ReadProcessMemory or WriteProcessMemory request was completed. (0x12B)
[0910/001744.062:ERROR:process_memory_win.cc(73)] ReadMemory at 0x241d4c76f10 of 132 bytes failed: Only part of a ReadProcessMemory or WriteProcessMemory request was completed. (0x12B)
[0910/001744.062:ERROR:process_memory_win.cc(73)] ReadMemory at 0x241d4c77040 of 132 bytes failed: Only part of a ReadProcessMemory or WriteProcessMemory request was completed. (0x12B)
[0910/001744.062:ERROR:process_memory_win.cc(73)] ReadMemory at 0x241d4c77170 of 132 bytes failed: Only part of a ReadProcessMemory or WriteProcessMemory request was completed. (0x12B)
[0910/001744.063:ERROR:process_memory_win.cc(73)] ReadMemory at 0x241d4c773d0 of 132 bytes failed: Only part of a ReadProcessMemory or WriteProcessMemory request was completed. (0x12B)
[0910/001744.063:ERROR:process_memory_win.cc(73)] ReadMemory at 0x241d4c77500 of 132 bytes failed: Only part of a ReadProcessMemory or WriteProcessMemory request was completed. (0x12B)
[0910/001744.064:ERROR:process_memory_win.cc(73)] ReadMemory at 0x241d4c77a40 of 132 bytes failed: Only part of a ReadProcessMemory or WriteProcessMemory request was completed. (0x12B)
[0910/001744.064:ERROR:process_memory_win.cc(73)] ReadMemory at 0x241d4c78300 of 132 bytes failed: Only part of a ReadProcessMemory or WriteProcessMemory request was completed. (0x12B)
[0910/001744.064:ERROR:process_memory_win.cc(73)] ReadMemory at 0x241d4c7c240 of 64 bytes failed: Only part of a ReadProcessMemory or WriteProcessMemory request was completed. (0x12B)
[0910/001744.064:ERROR:process_memory_win.cc(73)] ReadMemory at 0x241d4c7c290 of 64 bytes failed: Only part of a ReadProcessMemory or WriteProcessMemory request was completed. (0x12B)
[0910/001744.065:ERROR:process_memory_win.cc(73)] ReadMemory at 0x241d4c7c2e0 of 60 bytes failed: Only part of a ReadProcessMemory or WriteProcessMemory request was completed. (0x12B)
[0910/001744.065:ERROR:process_memory_win.cc(73)] ReadMemory at 0x241d4c7c330 of 66 bytes failed: Only part of a ReadProcessMemory or WriteProcessMemory request was completed. (0x12B)
[0910/001744.065:ERROR:process_memory_win.cc(73)] ReadMemory at 0x241d4c7c380 of 60 bytes failed: Only part of a ReadProcessMemory or WriteProcessMemory request was completed. (0x12B)
[0910/001744.066:ERROR:process_memory_win.cc(73)] ReadMemory at 0x241d4c7c5b0 of 64 bytes failed: Only part of a ReadProcessMemory or WriteProcessMemory request was completed. (0x12B)
[0910/001744.066:ERROR:process_memory_win.cc(73)] ReadMemory at 0x241d4c7c6a0 of 60 bytes failed: Only part of a ReadProcessMemory or WriteProcessMemory request was completed. (0x12B)
[0910/001744.066:ERROR:process_memory_win.cc(73)] ReadMemory at 0x241d4c7c740 of 62 bytes failed: Only part of a ReadProcessMemory or WriteProcessMemory request was completed. (0x12B)
[0910/001744.067:ERROR:process_memory_win.cc(73)] ReadMemory at 0x241d4c7c790 of 62 bytes failed: Only part of a ReadProcessMemory or WriteProcessMemory request was completed. (0x12B)
[0910/001744.067:ERROR:process_memory_win.cc(73)] ReadMemory at 0x241d4c7c7e0 of 62 bytes failed: Only part of a ReadProcessMemory or WriteProcessMemory request was completed. (0x12B)
[0910/001744.067:ERROR:process_memory_win.cc(73)] ReadMemory at 0x241d4c7c880 of 62 bytes failed: Only part of a ReadProcessMemory or WriteProcessMemory request was completed. (0x12B)
[0910/001744.068:ERROR:process_memory_win.cc(73)] ReadMemory at 0x241d4c7c920 of 60 bytes failed: Only part of a ReadProcessMemory or WriteProcessMemory request was completed. (0x12B)
[0910/001744.068:ERROR:process_memory_win.cc(73)] ReadMemory at 0x241d4c7c970 of 64 bytes failed: Only part of a ReadProcessMemory or WriteProcessMemory request was completed. (0x12B)
[0910/001744.068:ERROR:process_memory_win.cc(73)] ReadMemory at 0x241d4c7c9c0 of 58 bytes failed: Only part of a ReadProcessMemory or WriteProcessMemory request was completed. (0x12B)
[0910/001744.069:ERROR:process_memory_win.cc(73)] ReadMemory at 0x241d4c7ca60 of 64 bytes failed: Only part of a ReadProcessMemory or WriteProcessMemory request was completed. (0x12B)
[0910/001744.069:ERROR:process_memory_win.cc(73)] ReadMemory at 0x241d4c7cb00 of 62 bytes failed: Only part of a ReadProcessMemory or WriteProcessMemory request was completed. (0x12B)
[0910/001744.069:ERROR:process_memory_win.cc(73)] ReadMemory at 0x241d4c7cb50 of 62 bytes failed: Only part of a ReadProcessMemory or WriteProcessMemory request was completed. (0x12B)
[0910/001744.070:ERROR:process_memory_win.cc(73)] ReadMemory at 0x241d4c7cba0 of 62 bytes failed: Only part of a ReadProcessMemory or WriteProcessMemory request was completed. (0x12B)
[0910/001744.070:ERROR:process_memory_win.cc(73)] ReadMemory at 0x241d4c7cbf0 of 64 bytes failed: Only part of a ReadProcessMemory or WriteProcessMemory request was completed. (0x12B)
[0910/001744.070:ERROR:process_memory_win.cc(73)] ReadMemory at 0x241d4c7cc40 of 64 bytes failed: Only part of a ReadProcessMemory or WriteProcessMemory request was completed. (0x12B)
[0910/001744.071:ERROR:process_memory_win.cc(73)] ReadMemory at 0x241d4c7cce0 of 64 bytes failed: Only part of a ReadProcessMemory or WriteProcessMemory request was completed. (0x12B)
[0910/001744.071:ERROR:process_memory_win.cc(73)] ReadMemory at 0x241d4c7cd30 of 66 bytes failed: Only part of a ReadProcessMemory or WriteProcessMemory request was completed. (0x12B)
[0910/001744.071:ERROR:process_memory_win.cc(73)] ReadMemory at 0x241d4c7cd80 of 62 bytes failed: Only part of a ReadProcessMemory or WriteProcessMemory request was completed. (0x12B)
[0910/001744.071:ERROR:process_memory_win.cc(73)] ReadMemory at 0x241d4c7ce20 of 60 bytes failed: Only part of a ReadProcessMemory or WriteProcessMemory request was completed. (0x12B)
[0910/001744.072:ERROR:process_memory_win.cc(73)] ReadMemory at 0x241d4c7cec0 of 60 bytes failed: Only part of a ReadProcessMemory or WriteProcessMemory request was completed. (0x12B)
[0910/001744.072:ERROR:process_memory_win.cc(73)] ReadMemory at 0x241d4c7cfb0 of 62 bytes failed: Only part of a ReadProcessMemory or WriteProcessMemory request was completed. (0x12B)
[0910/001744.073:ERROR:process_memory_win.cc(73)] ReadMemory at 0x241d4c7d000 of 62 bytes failed: Only part of a ReadProcessMemory or WriteProcessMemory request was completed. (0x12B)
[0910/001744.073:ERROR:process_memory_win.cc(73)] ReadMemory at 0x241d4c7f2a0 of 132 bytes failed: Only part of a ReadProcessMemory or WriteProcessMemory request was completed. (0x12B)
[0910/001744.073:ERROR:process_memory_win.cc(73)] ReadMemory at 0x241d4c7f4d0 of 132 bytes failed: Only part of a ReadProcessMemory or WriteProcessMemory request was completed. (0x12B)
[0910/001744.074:ERROR:process_memory_win.cc(73)] ReadMemory at 0x241d4c7f6f0 of 132 bytes failed: Only part of a ReadProcessMemory or WriteProcessMemory request was completed. (0x12B)
[0910/001744.074:ERROR:process_memory_win.cc(73)] ReadMemory at 0x241d4c7fa50 of 132 bytes failed: Only part of a ReadProcessMemory or WriteProcessMemory request was completed. (0x12B)
[0910/001744.074:ERROR:process_memory_win.cc(73)] ReadMemory at 0x241d4c7fc60 of 132 bytes failed: Only part of a ReadProcessMemory or WriteProcessMemory request was completed. (0x12B)
[0910/001744.075:ERROR:process_memory_win.cc(73)] ReadMemory at 0x241d4c81310 of 76 bytes failed: Only part of a ReadProcessMemory or WriteProcessMemory request was completed. (0x12B)
[0910/001744.075:ERROR:process_memory_win.cc(73)] ReadMemory at 0x241d4c817f0 of 80 bytes failed: Only part of a ReadProcessMemory or WriteProcessMemory request was completed. (0x12B)
[0910/001744.075:ERROR:process_memory_win.cc(73)] ReadMemory at 0x241d4c822f0 of 132 bytes failed: Only part of a ReadProcessMemory or WriteProcessMemory request was completed. (0x12B)
[0910/001744.075:ERROR:process_memory_win.cc(73)] ReadMemory at 0x241d4c82420 of 132 bytes failed: Only part of a ReadProcessMemory or WriteProcessMemory request was completed. (0x12B)
[0910/001744.076:ERROR:process_memory_win.cc(73)] ReadMemory at 0x241d4c82550 of 132 bytes failed: Only part of a ReadProcessMemory or WriteProcessMemory request was completed. (0x12B)
[0910/001744.076:ERROR:process_memory_win.cc(73)] ReadMemory at 0x241d4c82680 of 132 bytes failed: Only part of a ReadProcessMemory or WriteProcessMemory request was completed. (0x12B)
[0910/001744.076:ERROR:process_memory_win.cc(73)] ReadMemory at 0x241d4c827b0 of 132 bytes failed: Only part of a ReadProcessMemory or WriteProcessMemory request was completed. (0x12B)
[0910/001744.077:ERROR:process_memory_win.cc(73)] ReadMemory at 0x241d4c828e0 of 132 bytes failed: Only part of a ReadProcessMemory or WriteProcessMemory request was completed. (0x12B)
[0910/001744.077:ERROR:process_memory_win.cc(73)] ReadMemory at 0x241d4c82c70 of 132 bytes failed: Only part of a ReadProcessMemory or WriteProcessMemory request was completed. (0x12B)
[0910/001744.077:ERROR:process_memory_win.cc(73)] ReadMemory at 0x241d4c82da0 of 132 bytes failed: Only part of a ReadProcessMemory or WriteProcessMemory request was completed. (0x12B)
[0910/001744.078:ERROR:process_memory_win.cc(73)] ReadMemory at 0x241d4c82ed0 of 132 bytes failed: Only part of a ReadProcessMemory or WriteProcessMemory request was completed. (0x12B)
[0910/001744.078:ERROR:process_memory_win.cc(73)] ReadMemory at 0x241d4c83000 of 132 bytes failed: Only part of a ReadProcessMemory or WriteProcessMemory request was completed. (0x12B)
[0910/001744.079:ERROR:process_memory_win.cc(73)] ReadMemory at 0x241d4c83260 of 132 bytes failed: Only part of a ReadProcessMemory or WriteProcessMemory request was completed. (0x12B)
[0910/001744.079:ERROR:process_memory_win.cc(73)] ReadMemory at 0x241d4c83390 of 132 bytes failed: Only part of a ReadProcessMemory or WriteProcessMemory request was completed. (0x12B)
[0910/001744.079:ERROR:process_memory_win.cc(73)] ReadMemory at 0x241d4c834c0 of 132 bytes failed: Only part of a ReadProcessMemory or WriteProcessMemory request was completed. (0x12B)
[0910/001744.080:ERROR:process_memory_win.cc(73)] ReadMemory at 0x241d4c835f0 of 132 bytes failed: Only part of a ReadProcessMemory or WriteProcessMemory request was completed. (0x12B)
[0910/001744.080:ERROR:process_memory_win.cc(73)] ReadMemory at 0x241d4c83720 of 132 bytes failed: Only part of a ReadProcessMemory or WriteProcessMemory request was completed. (0x12B)
[0910/001744.080:ERROR:process_memory_win.cc(73)] ReadMemory at 0x241d4c83850 of 132 bytes failed: Only part of a ReadProcessMemory or WriteProcessMemory request was completed. (0x12B)
[0910/001744.081:ERROR:process_memory_win.cc(73)] ReadMemory at 0x241d4c83be0 of 132 bytes failed: Only part of a ReadProcessMemory or WriteProcessMemory request was completed. (0x12B)
[0910/001744.081:ERROR:process_memory_win.cc(73)] ReadMemory at 0x241d4c83d10 of 132 bytes failed: Only part of a ReadProcessMemory or WriteProcessMemory request was completed. (0x12B)
[0910/001744.081:ERROR:process_memory_win.cc(73)] ReadMemory at 0x241d4c83e40 of 132 bytes failed: Only part of a ReadProcessMemory or WriteProcessMemory request was completed. (0x12B)
[0910/001744.082:ERROR:process_memory_win.cc(73)] ReadMemory at 0x241d4c83f70 of 132 bytes failed: Only part of a ReadProcessMemory or WriteProcessMemory request was completed. (0x12B)
[0910/001744.082:ERROR:process_memory_win.cc(73)] ReadMemory at 0x241d4c840a0 of 132 bytes failed: Only part of a ReadProcessMemory or WriteProcessMemory request was completed. (0x12B)
[0910/001744.082:ERROR:process_memory_win.cc(73)] ReadMemory at 0x241d4c9c780 of 512 bytes failed: Only part of a ReadProcessMemory or WriteProcessMemory request was completed. (0x12B)
[0910/001744.083:ERROR:process_memory_win.cc(73)] ReadMemory at 0x241d4ca4970 of 62 bytes failed: Only part of a ReadProcessMemory or WriteProcessMemory request was completed. (0x12B)
[0910/001744.083:ERROR:process_memory_win.cc(73)] ReadMemory at 0x241d4ca4a10 of 60 bytes failed: Only part of a ReadProcessMemory or WriteProcessMemory request was completed. (0x12B)
[0910/001744.083:ERROR:process_memory_win.cc(73)] ReadMemory at 0x241d4ca4e20 of 58 bytes failed: Only part of a ReadProcessMemory or WriteProcessMemory request was completed. (0x12B)
[0910/001744.084:ERROR:process_memory_win.cc(73)] ReadMemory at 0x241d4ca50f0 of 58 bytes failed: Only part of a ReadProcessMemory or WriteProcessMemory request was completed. (0x12B)
[0910/001744.084:ERROR:process_memory_win.cc(73)] ReadMemory at 0x241d4ca5140 of 58 bytes failed: Only part of a ReadProcessMemory or WriteProcessMemory request was completed. (0x12B)
[0910/001744.084:ERROR:process_memory_win.cc(73)] ReadMemory at 0x241d4ca5320 of 60 bytes failed: Only part of a ReadProcessMemory or WriteProcessMemory request was completed. (0x12B)
[0910/001744.085:ERROR:process_memory_win.cc(73)] ReadMemory at 0x241d4ca5370 of 64 bytes failed: Only part of a ReadProcessMemory or WriteProcessMemory request was completed. (0x12B)
[0910/001744.085:ERROR:process_memory_win.cc(73)] ReadMemory at 0x241d4ca53c0 of 66 bytes failed: Only part of a ReadProcessMemory or WriteProcessMemory request was completed. (0x12B)
[0910/001744.085:ERROR:process_memory_win.cc(73)] ReadMemory at 0x241d4ca55a0 of 62 bytes failed: Only part of a ReadProcessMemory or WriteProcessMemory request was completed. (0x12B)
[0910/001744.086:ERROR:process_memory_win.cc(73)] ReadMemory at 0x241d4ca5690 of 62 bytes failed: Only part of a ReadProcessMemory or WriteProcessMemory request was completed. (0x12B)
[0910/001744.086:ERROR:process_memory_win.cc(73)] ReadMemory at 0x241d4cb3060 of 512 bytes failed: Only part of a ReadProcessMemory or WriteProcessMemory request was completed. (0x12B)
[0910/001744.086:ERROR:process_memory_win.cc(73)] ReadMemory at 0x241d4cb9cc0 of 78 bytes failed: Only part of a ReadProcessMemory or WriteProcessMemory request was completed. (0x12B)
[0910/001744.087:ERROR:process_memory_win.cc(73)] ReadMemory at 0x241d4cc2280 of 512 bytes failed: Only part of a ReadProcessMemory or WriteProcessMemory request was completed. (0x12B)
[0910/001744.087:ERROR:process_memory_win.cc(73)] ReadMemory at 0x241d4cd5bc8 of 512 bytes failed: Only part of a ReadProcessMemory or WriteProcessMemory request was completed. (0x12B)
[0910/001744.087:ERROR:process_memory_win.cc(73)] ReadMemory at 0x241d4ce0570 of 512 bytes failed: Only part of a ReadProcessMemory or WriteProcessMemory request was completed. (0x12B)
[0910/001744.087:ERROR:process_memory_win.cc(73)] ReadMemory at 0x241d4cf2c20 of 512 bytes failed: Only part of a ReadProcessMemory or WriteProcessMemory request was completed. (0x12B)
[0910/001744.088:ERROR:process_memory_win.cc(73)] ReadMemory at 0x241d4cf59d0 of 712 bytes failed: Only part of a ReadProcessMemory or WriteProcessMemory request was completed. (0x12B)
[0910/001744.088:ERROR:process_memory_win.cc(73)] ReadMemory at 0x241d4d097e0 of 512 bytes failed: Only part of a ReadProcessMemory or WriteProcessMemory request was completed. (0x12B)
[0910/001744.088:ERROR:process_memory_win.cc(73)] ReadMemory at 0x241d4d13970 of 512 bytes failed: Only part of a ReadProcessMemory or WriteProcessMemory request was completed. (0x12B)
[0910/001744.088:ERROR:process_memory_win.cc(73)] ReadMemory at 0x241d68b0000 of 384 bytes failed: Only part of a ReadProcessMemory or WriteProcessMemory request was completed. (0x12B)
[0910/001744.089:ERROR:process_memory_win.cc(73)] ReadMemory at 0x241d68ccf50 of 512 bytes failed: Only part of a ReadProcessMemory or WriteProcessMemory request was completed. (0x12B)
[0910/001744.089:ERROR:process_memory_win.cc(73)] ReadMemory at 0x241d6964210 of 512 bytes failed: Only part of a ReadProcessMemory or WriteProcessMemory request was completed. (0x12B)
[0910/001744.089:ERROR:process_memory_win.cc(73)] ReadMemory at 0x241d6c68fb8 of 512 bytes failed: Only part of a ReadProcessMemory or WriteProcessMemory request was completed. (0x12B)
[0910/001744.089:ERROR:process_memory_win.cc(73)] ReadMemory at 0x1d6c2c488dc8 of 512 bytes failed: Only part of a ReadProcessMemory or WriteProcessMemory request was completed. (0x12B)
[0910/001744.090:ERROR:process_memory_win.cc(73)] ReadMemory at 0x7ffeddea979c of 512 bytes failed: Only part of a ReadProcessMemory or WriteProcessMemory request was completed. (0x12B)
[0910/001744.090:ERROR:process_memory_win.cc(73)] ReadMemory at 0x7ffedee4e6f1 of 512 bytes failed: Only part of a ReadProcessMemory or WriteProcessMemory request was completed. (0x12B)
[0910/001744.090:ERROR:process_memory_win.cc(73)] ReadMemory at 0x7ffee3069780 of 512 bytes failed: Only part of a ReadProcessMemory or WriteProcessMemory request was completed. (0x12B)
[0910/001744.090:ERROR:process_memory_win.cc(73)] ReadMemory at 0x7ffee3188f78 of 512 bytes failed: Only part of a ReadProcessMemory or WriteProcessMemory request was completed. (0x12B)
[0910/001744.091:ERROR:process_memory_win.cc(73)] ReadMemory at 0x7fff2f68c6d0 of 512 bytes failed: Only part of a ReadProcessMemory or WriteProcessMemory request was completed. (0x12B)
[0910/001744.091:ERROR:process_memory_win.cc(73)] ReadMemory at 0x7fff323bc074 of 672 bytes failed: Only part of a ReadProcessMemory or WriteProcessMemory request was completed. (0x12B)
[0910/001744.091:ERROR:process_memory_win.cc(73)] ReadMemory at 0x7fff323bc674 of 512 bytes failed: Only part of a ReadProcessMemory or WriteProcessMemory request was completed. (0x12B)
[0910/001744.091:ERROR:process_memory_win.cc(73)] ReadMemory at 0x7fff323bf924 of 608 bytes failed: Only part of a ReadProcessMemory or WriteProcessMemory request was completed. (0x12B)
[0910/001744.092:ERROR:process_memory_win.cc(73)] ReadMemory at 0x7fff3244c428 of 18 bytes failed: Only part of a ReadProcessMemory or WriteProcessMemory request was completed. (0x12B)
[0910/001744.092:ERROR:process_memory_win.cc(73)] ReadMemory at 0x7fff3247f4f8 of 40 bytes failed: Only part of a ReadProcessMemory or WriteProcessMemory request was completed. (0x12B)
[0910/001744.092:ERROR:process_memory_win.cc(73)] ReadMemory at 0x7fff3247f978 of 48 bytes failed: Only part of a ReadProcessMemory or WriteProcessMemory request was completed. (0x12B)
[0910/001744.092:ERROR:process_memory_win.cc(73)] ReadMemory at 0x7fff324853c0 of 64 bytes failed: Only part of a ReadProcessMemory or WriteProcessMemory request was completed. (0x12B)
[0910/001744.095:ERROR:scoped_process_suspend.cc(40)] NtResumeProcess: An attempt was made to access an exiting process. (0xc000010a)
